<?xml version="1.0" encoding="UTF-8"?>
<testng-results skipped="0" failed="0" ignored="0" total="1" passed="1">
  <reporter-output>
  </reporter-output>
  <suite name="Suite" duration-ms="9646" started-at="2021-10-19T01:45:46 EDT" finished-at="2021-10-19T01:45:56 EDT">
    <groups>
    </groups>
    <test name="Test" duration-ms="9646" started-at="2021-10-19T01:45:46 EDT" finished-at="2021-10-19T01:45:56 EDT">
      <class name="TestCases.TC001_login">
        <test-method status="PASS" signature="init()[pri:0, instance:TestCases.TC001_login@4d3167f4]" name="init" is-config="true" duration-ms="5144" started-at="2021-10-19T01:45:46 EDT" finished-at="2021-10-19T01:45:52 EDT">
          <reporter-output>
          </reporter-output>
        </test-method> <!-- init -->
        <test-method status="PASS" signature="login()[pri:0, instance:TestCases.TC001_login@4d3167f4]" name="login" duration-ms="4298" started-at="2021-10-19T01:45:52 EDT" finished-at="2021-10-19T01:45:56 EDT">
          <reporter-output>
          </reporter-output>
        </test-method> <!-- login -->
        <test-method status="PASS" signature="afterClass()[pri:0, instance:TestCases.TC001_login@4d3167f4]" name="afterClass" is-config="true" duration-ms="164" started-at="2021-10-19T01:45:56 EDT" finished-at="2021-10-19T01:45:56 EDT">
          <reporter-output>
          </reporter-output>
        </test-method> <!-- afterClass -->
      </class> <!-- TestCases.TC001_login -->
    </test> <!-- Test -->
  </suite> <!-- Suite -->
</testng-results>
