<?xml version="1.0" encoding="UTF-8"?>
<testng-results skipped="0" failed="0" ignored="0" total="1" passed="1">
  <reporter-output>
  </reporter-output>
  <suite name="Suite" duration-ms="9612" started-at="2021-10-17T09:44:03 EDT" finished-at="2021-10-17T09:44:13 EDT">
    <groups>
    </groups>
    <test name="Test" duration-ms="9612" started-at="2021-10-17T09:44:03 EDT" finished-at="2021-10-17T09:44:13 EDT">
      <class name="TestCases.TC001_login">
        <test-method status="PASS" signature="init()[pri:0, instance:TestCases.TC001_login@4516af24]" name="init" is-config="true" duration-ms="4947" started-at="2021-10-17T09:44:03 EDT" finished-at="2021-10-17T09:44:08 EDT">
          <reporter-output>
          </reporter-output>
        </test-method> <!-- init -->
        <test-method status="PASS" signature="login()[pri:0, instance:TestCases.TC001_login@4516af24]" name="login" duration-ms="4350" started-at="2021-10-17T09:44:08 EDT" finished-at="2021-10-17T09:44:12 EDT">
          <reporter-output>
          </reporter-output>
        </test-method> <!-- login -->
        <test-method status="PASS" signature="afterClass()[pri:0, instance:TestCases.TC001_login@4516af24]" name="afterClass" is-config="true" duration-ms="234" started-at="2021-10-17T09:44:12 EDT" finished-at="2021-10-17T09:44:13 EDT">
          <reporter-output>
          </reporter-output>
        </test-method> <!-- afterClass -->
      </class> <!-- TestCases.TC001_login -->
    </test> <!-- Test -->
  </suite> <!-- Suite -->
</testng-results>
